
*** Running vivado
    with args -log par_counter.vds -m64 -product Vivado -mode batch -messageDb vivado.pb -notrace -source par_counter.tcl


****** Vivado v2019.1 (64-bit)
  **** SW Build 2552052 on Fri May 24 14:49:42 MDT 2019
  **** IP Build 2548770 on Fri May 24 18:01:18 MDT 2019
    ** Copyright 1986-2019 Xilinx, Inc. All Rights Reserved.

source par_counter.tcl -notrace
Command: synth_design -top par_counter -part xc7s15ftgb196-1
Starting synth_design
Attempting to get a license for feature 'Synthesis' and/or device 'xc7s15'
INFO: [Common 17-349] Got license for feature 'Synthesis' and/or device 'xc7s15'
INFO: [Device 21-403] Loading part xc7s15ftgb196-1
INFO: Launching helper process for spawning children vivado processes
INFO: Helper process launched with PID 1820 
---------------------------------------------------------------------------------
Starting RTL Elaboration : Time (s): cpu = 00:00:03 ; elapsed = 00:00:04 . Memory (MB): peak = 653.598 ; gain = 177.352
---------------------------------------------------------------------------------
INFO: [Synth 8-6157] synthesizing module 'par_counter' [C:/Users/Mihir Shekhar/parallel_counter_project4/parallel_counter_project4.srcs/sources_1/new/par_counter.v:3]
INFO: [Synth 8-6157] synthesizing module 'half_adder' [C:/Users/Mihir Shekhar/parallel_counter_project4/parallel_counter_project4.srcs/sources_1/new/half_adder.v:1]
INFO: [Synth 8-6155] done synthesizing module 'half_adder' (1#1) [C:/Users/Mihir Shekhar/parallel_counter_project4/parallel_counter_project4.srcs/sources_1/new/half_adder.v:1]
INFO: [Synth 8-6157] synthesizing module 'full_adder' [C:/Users/Mihir Shekhar/parallel_counter_project4/parallel_counter_project4.srcs/sources_1/new/full_adder.v:3]
INFO: [Synth 8-6155] done synthesizing module 'full_adder' (2#1) [C:/Users/Mihir Shekhar/parallel_counter_project4/parallel_counter_project4.srcs/sources_1/new/full_adder.v:3]
INFO: [Synth 8-6157] synthesizing module 'bit2_adder' [C:/Users/Mihir Shekhar/parallel_counter_project4/parallel_counter_project4.srcs/sources_1/new/bit2_adder.v:1]
INFO: [Synth 8-6155] done synthesizing module 'bit2_adder' (3#1) [C:/Users/Mihir Shekhar/parallel_counter_project4/parallel_counter_project4.srcs/sources_1/new/bit2_adder.v:1]
INFO: [Synth 8-6157] synthesizing module 'bit3_adder' [C:/Users/Mihir Shekhar/parallel_counter_project4/parallel_counter_project4.srcs/sources_1/new/bit3_adder.v:1]
INFO: [Synth 8-6155] done synthesizing module 'bit3_adder' (4#1) [C:/Users/Mihir Shekhar/parallel_counter_project4/parallel_counter_project4.srcs/sources_1/new/bit3_adder.v:1]
INFO: [Synth 8-6155] done synthesizing module 'par_counter' (5#1) [C:/Users/Mihir Shekhar/parallel_counter_project4/parallel_counter_project4.srcs/sources_1/new/par_counter.v:3]
---------------------------------------------------------------------------------
Finished RTL Elaboration : Time (s): cpu = 00:00:04 ; elapsed = 00:00:05 . Memory (MB): peak = 716.586 ; gain = 240.340
---------------------------------------------------------------------------------

Report Check Netlist: 
+------+------------------+-------+---------+-------+------------------+
|      |Item              |Errors |Warnings |Status |Description       |
+------+------------------+-------+---------+-------+------------------+
|1     |multi_driven_nets |      0|        0|Passed |Multi driven nets |
+------+------------------+-------+---------+-------+------------------+
---------------------------------------------------------------------------------
Start Handling Custom Attributes
---------------------------------------------------------------------------------
---------------------------------------------------------------------------------
Finished Handling Custom Attributes : Time (s): cpu = 00:00:04 ; elapsed = 00:00:05 . Memory (MB): peak = 716.586 ; gain = 240.340
---------------------------------------------------------------------------------
---------------------------------------------------------------------------------
Finished RTL Optimization Phase 1 : Time (s): cpu = 00:00:04 ; elapsed = 00:00:05 . Memory (MB): peak = 716.586 ; gain = 240.340
---------------------------------------------------------------------------------
INFO: [Project 1-570] Preparing netlist for logic optimization

Processing XDC Constraints
Initializing timing engine
Parsing XDC File [C:/Users/Mihir Shekhar/parallel_counter_project4/parallel_counter_project4.srcs/constrs_1/new/fa.xdc]
WARNING: [Vivado 12-584] No ports matched 'cin'. [C:/Users/Mihir Shekhar/parallel_counter_project4/parallel_counter_project4.srcs/constrs_1/new/fa.xdc:2]
CRITICAL WARNING: [Common 17-55] 'set_property' expects at least one object. [C:/Users/Mihir Shekhar/parallel_counter_project4/parallel_counter_project4.srcs/constrs_1/new/fa.xdc:2]
Resolution: If [get_<value>] was used to populate the object, check to make sure this command returns at least one valid object.
WARNING: [Vivado 12-584] No ports matched 'a'. [C:/Users/Mihir Shekhar/parallel_counter_project4/parallel_counter_project4.srcs/constrs_1/new/fa.xdc:3]
CRITICAL WARNING: [Common 17-55] 'set_property' expects at least one object. [C:/Users/Mihir Shekhar/parallel_counter_project4/parallel_counter_project4.srcs/constrs_1/new/fa.xdc:3]
Resolution: If [get_<value>] was used to populate the object, check to make sure this command returns at least one valid object.
WARNING: [Vivado 12-584] No ports matched 'b'. [C:/Users/Mihir Shekhar/parallel_counter_project4/parallel_counter_project4.srcs/constrs_1/new/fa.xdc:4]
CRITICAL WARNING: [Common 17-55] 'set_property' expects at least one object. [C:/Users/Mihir Shekhar/parallel_counter_project4/parallel_counter_project4.srcs/constrs_1/new/fa.xdc:4]
Resolution: If [get_<value>] was used to populate the object, check to make sure this command returns at least one valid object.
WARNING: [Vivado 12-584] No ports matched 'cout'. [C:/Users/Mihir Shekhar/parallel_counter_project4/parallel_counter_project4.srcs/constrs_1/new/fa.xdc:6]
CRITICAL WARNING: [Common 17-55] 'set_property' expects at least one object. [C:/Users/Mihir Shekhar/parallel_counter_project4/parallel_counter_project4.srcs/constrs_1/new/fa.xdc:6]
Resolution: If [get_<value>] was used to populate the object, check to make sure this command returns at least one valid object.
WARNING: [Vivado 12-584] No ports matched 'sum'. [C:/Users/Mihir Shekhar/parallel_counter_project4/parallel_counter_project4.srcs/constrs_1/new/fa.xdc:7]
CRITICAL WARNING: [Common 17-55] 'set_property' expects at least one object. [C:/Users/Mihir Shekhar/parallel_counter_project4/parallel_counter_project4.srcs/constrs_1/new/fa.xdc:7]
Resolution: If [get_<value>] was used to populate the object, check to make sure this command returns at least one valid object.
Finished Parsing XDC File [C:/Users/Mihir Shekhar/parallel_counter_project4/parallel_counter_project4.srcs/constrs_1/new/fa.xdc]
Parsing XDC File [C:/Users/Mihir Shekhar/parallel_counter_project4/parallel_counter_project4.srcs/constrs_1/new/ha.xdc]
WARNING: [Vivado 12-584] No ports matched 'a'. [C:/Users/Mihir Shekhar/parallel_counter_project4/parallel_counter_project4.srcs/constrs_1/new/ha.xdc:2]
CRITICAL WARNING: [Common 17-55] 'set_property' expects at least one object. [C:/Users/Mihir Shekhar/parallel_counter_project4/parallel_counter_project4.srcs/constrs_1/new/ha.xdc:2]
Resolution: If [get_<value>] was used to populate the object, check to make sure this command returns at least one valid object.
WARNING: [Vivado 12-584] No ports matched 'b'. [C:/Users/Mihir Shekhar/parallel_counter_project4/parallel_counter_project4.srcs/constrs_1/new/ha.xdc:3]
CRITICAL WARNING: [Common 17-55] 'set_property' expects at least one object. [C:/Users/Mihir Shekhar/parallel_counter_project4/parallel_counter_project4.srcs/constrs_1/new/ha.xdc:3]
Resolution: If [get_<value>] was used to populate the object, check to make sure this command returns at least one valid object.
WARNING: [Vivado 12-584] No ports matched 'cout'. [C:/Users/Mihir Shekhar/parallel_counter_project4/parallel_counter_project4.srcs/constrs_1/new/ha.xdc:6]
CRITICAL WARNING: [Common 17-55] 'set_property' expects at least one object. [C:/Users/Mihir Shekhar/parallel_counter_project4/parallel_counter_project4.srcs/constrs_1/new/ha.xdc:6]
Resolution: If [get_<value>] was used to populate the object, check to make sure this command returns at least one valid object.
WARNING: [Vivado 12-584] No ports matched 'sum'. [C:/Users/Mihir Shekhar/parallel_counter_project4/parallel_counter_project4.srcs/constrs_1/new/ha.xdc:7]
CRITICAL WARNING: [Common 17-55] 'set_property' expects at least one object. [C:/Users/Mihir Shekhar/parallel_counter_project4/parallel_counter_project4.srcs/constrs_1/new/ha.xdc:7]
Resolution: If [get_<value>] was used to populate the object, check to make sure this command returns at least one valid object.
Finished Parsing XDC File [C:/Users/Mihir Shekhar/parallel_counter_project4/parallel_counter_project4.srcs/constrs_1/new/ha.xdc]
Parsing XDC File [C:/Users/Mihir Shekhar/parallel_counter_project4/parallel_counter_project4.srcs/constrs_1/new/bit2adder.xdc]
WARNING: [Vivado 12-584] No ports matched 'a[0]'. [C:/Users/Mihir Shekhar/parallel_counter_project4/parallel_counter_project4.srcs/constrs_1/new/bit2adder.xdc:1]
CRITICAL WARNING: [Common 17-55] 'set_property' expects at least one object. [C:/Users/Mihir Shekhar/parallel_counter_project4/parallel_counter_project4.srcs/constrs_1/new/bit2adder.xdc:1]
Resolution: If [get_<value>] was used to populate the object, check to make sure this command returns at least one valid object.
WARNING: [Vivado 12-584] No ports matched 'b[0]'. [C:/Users/Mihir Shekhar/parallel_counter_project4/parallel_counter_project4.srcs/constrs_1/new/bit2adder.xdc:2]
CRITICAL WARNING: [Common 17-55] 'set_property' expects at least one object. [C:/Users/Mihir Shekhar/parallel_counter_project4/parallel_counter_project4.srcs/constrs_1/new/bit2adder.xdc:2]
Resolution: If [get_<value>] was used to populate the object, check to make sure this command returns at least one valid object.
WARNING: [Vivado 12-584] No ports matched 'a[1]'. [C:/Users/Mihir Shekhar/parallel_counter_project4/parallel_counter_project4.srcs/constrs_1/new/bit2adder.xdc:3]
CRITICAL WARNING: [Common 17-55] 'set_property' expects at least one object. [C:/Users/Mihir Shekhar/parallel_counter_project4/parallel_counter_project4.srcs/constrs_1/new/bit2adder.xdc:3]
Resolution: If [get_<value>] was used to populate the object, check to make sure this command returns at least one valid object.
WARNING: [Vivado 12-584] No ports matched 'b[1]'. [C:/Users/Mihir Shekhar/parallel_counter_project4/parallel_counter_project4.srcs/constrs_1/new/bit2adder.xdc:4]
CRITICAL WARNING: [Common 17-55] 'set_property' expects at least one object. [C:/Users/Mihir Shekhar/parallel_counter_project4/parallel_counter_project4.srcs/constrs_1/new/bit2adder.xdc:4]
Resolution: If [get_<value>] was used to populate the object, check to make sure this command returns at least one valid object.
WARNING: [Vivado 12-584] No ports matched 'op[0]'. [C:/Users/Mihir Shekhar/parallel_counter_project4/parallel_counter_project4.srcs/constrs_1/new/bit2adder.xdc:6]
CRITICAL WARNING: [Common 17-55] 'set_property' expects at least one object. [C:/Users/Mihir Shekhar/parallel_counter_project4/parallel_counter_project4.srcs/constrs_1/new/bit2adder.xdc:6]
Resolution: If [get_<value>] was used to populate the object, check to make sure this command returns at least one valid object.
WARNING: [Vivado 12-584] No ports matched 'op[1]'. [C:/Users/Mihir Shekhar/parallel_counter_project4/parallel_counter_project4.srcs/constrs_1/new/bit2adder.xdc:7]
CRITICAL WARNING: [Common 17-55] 'set_property' expects at least one object. [C:/Users/Mihir Shekhar/parallel_counter_project4/parallel_counter_project4.srcs/constrs_1/new/bit2adder.xdc:7]
Resolution: If [get_<value>] was used to populate the object, check to make sure this command returns at least one valid object.
WARNING: [Vivado 12-584] No ports matched 'op[2]'. [C:/Users/Mihir Shekhar/parallel_counter_project4/parallel_counter_project4.srcs/constrs_1/new/bit2adder.xdc:8]
CRITICAL WARNING: [Common 17-55] 'set_property' expects at least one object. [C:/Users/Mihir Shekhar/parallel_counter_project4/parallel_counter_project4.srcs/constrs_1/new/bit2adder.xdc:8]
Resolution: If [get_<value>] was used to populate the object, check to make sure this command returns at least one valid object.
Finished Parsing XDC File [C:/Users/Mihir Shekhar/parallel_counter_project4/parallel_counter_project4.srcs/constrs_1/new/bit2adder.xdc]
Parsing XDC File [C:/Users/Mihir Shekhar/parallel_counter_project4/parallel_counter_project4.srcs/constrs_1/new/bit3adder.xdc]
WARNING: [Vivado 12-584] No ports matched 'a[0]'. [C:/Users/Mihir Shekhar/parallel_counter_project4/parallel_counter_project4.srcs/constrs_1/new/bit3adder.xdc:1]
CRITICAL WARNING: [Common 17-55] 'set_property' expects at least one object. [C:/Users/Mihir Shekhar/parallel_counter_project4/parallel_counter_project4.srcs/constrs_1/new/bit3adder.xdc:1]
Resolution: If [get_<value>] was used to populate the object, check to make sure this command returns at least one valid object.
WARNING: [Vivado 12-584] No ports matched 'b[0]'. [C:/Users/Mihir Shekhar/parallel_counter_project4/parallel_counter_project4.srcs/constrs_1/new/bit3adder.xdc:2]
CRITICAL WARNING: [Common 17-55] 'set_property' expects at least one object. [C:/Users/Mihir Shekhar/parallel_counter_project4/parallel_counter_project4.srcs/constrs_1/new/bit3adder.xdc:2]
Resolution: If [get_<value>] was used to populate the object, check to make sure this command returns at least one valid object.
WARNING: [Vivado 12-584] No ports matched 'a[1]'. [C:/Users/Mihir Shekhar/parallel_counter_project4/parallel_counter_project4.srcs/constrs_1/new/bit3adder.xdc:3]
CRITICAL WARNING: [Common 17-55] 'set_property' expects at least one object. [C:/Users/Mihir Shekhar/parallel_counter_project4/parallel_counter_project4.srcs/constrs_1/new/bit3adder.xdc:3]
Resolution: If [get_<value>] was used to populate the object, check to make sure this command returns at least one valid object.
WARNING: [Vivado 12-584] No ports matched 'b[1]'. [C:/Users/Mihir Shekhar/parallel_counter_project4/parallel_counter_project4.srcs/constrs_1/new/bit3adder.xdc:4]
CRITICAL WARNING: [Common 17-55] 'set_property' expects at least one object. [C:/Users/Mihir Shekhar/parallel_counter_project4/parallel_counter_project4.srcs/constrs_1/new/bit3adder.xdc:4]
Resolution: If [get_<value>] was used to populate the object, check to make sure this command returns at least one valid object.
WARNING: [Vivado 12-584] No ports matched 'a[2]'. [C:/Users/Mihir Shekhar/parallel_counter_project4/parallel_counter_project4.srcs/constrs_1/new/bit3adder.xdc:5]
CRITICAL WARNING: [Common 17-55] 'set_property' expects at least one object. [C:/Users/Mihir Shekhar/parallel_counter_project4/parallel_counter_project4.srcs/constrs_1/new/bit3adder.xdc:5]
Resolution: If [get_<value>] was used to populate the object, check to make sure this command returns at least one valid object.
WARNING: [Vivado 12-584] No ports matched 'b[2]'. [C:/Users/Mihir Shekhar/parallel_counter_project4/parallel_counter_project4.srcs/constrs_1/new/bit3adder.xdc:6]
CRITICAL WARNING: [Common 17-55] 'set_property' expects at least one object. [C:/Users/Mihir Shekhar/parallel_counter_project4/parallel_counter_project4.srcs/constrs_1/new/bit3adder.xdc:6]
Resolution: If [get_<value>] was used to populate the object, check to make sure this command returns at least one valid object.
WARNING: [Vivado 12-584] No ports matched 'sum[0]'. [C:/Users/Mihir Shekhar/parallel_counter_project4/parallel_counter_project4.srcs/constrs_1/new/bit3adder.xdc:8]
CRITICAL WARNING: [Common 17-55] 'set_property' expects at least one object. [C:/Users/Mihir Shekhar/parallel_counter_project4/parallel_counter_project4.srcs/constrs_1/new/bit3adder.xdc:8]
Resolution: If [get_<value>] was used to populate the object, check to make sure this command returns at least one valid object.
WARNING: [Vivado 12-584] No ports matched 'sum[1]'. [C:/Users/Mihir Shekhar/parallel_counter_project4/parallel_counter_project4.srcs/constrs_1/new/bit3adder.xdc:9]
CRITICAL WARNING: [Common 17-55] 'set_property' expects at least one object. [C:/Users/Mihir Shekhar/parallel_counter_project4/parallel_counter_project4.srcs/constrs_1/new/bit3adder.xdc:9]
Resolution: If [get_<value>] was used to populate the object, check to make sure this command returns at least one valid object.
WARNING: [Vivado 12-584] No ports matched 'sum[2]'. [C:/Users/Mihir Shekhar/parallel_counter_project4/parallel_counter_project4.srcs/constrs_1/new/bit3adder.xdc:10]
CRITICAL WARNING: [Common 17-55] 'set_property' expects at least one object. [C:/Users/Mihir Shekhar/parallel_counter_project4/parallel_counter_project4.srcs/constrs_1/new/bit3adder.xdc:10]
Resolution: If [get_<value>] was used to populate the object, check to make sure this command returns at least one valid object.
WARNING: [Vivado 12-584] No ports matched 'sum[3]'. [C:/Users/Mihir Shekhar/parallel_counter_project4/parallel_counter_project4.srcs/constrs_1/new/bit3adder.xdc:11]
CRITICAL WARNING: [Common 17-55] 'set_property' expects at least one object. [C:/Users/Mihir Shekhar/parallel_counter_project4/parallel_counter_project4.srcs/constrs_1/new/bit3adder.xdc:11]
Resolution: If [get_<value>] was used to populate the object, check to make sure this command returns at least one valid object.
Finished Parsing XDC File [C:/Users/Mihir Shekhar/parallel_counter_project4/parallel_counter_project4.srcs/constrs_1/new/bit3adder.xdc]
Parsing XDC File [C:/Users/Mihir Shekhar/parallel_counter_project4/parallel_counter_project4.srcs/constrs_1/new/topmod.xdc]
Finished Parsing XDC File [C:/Users/Mihir Shekhar/parallel_counter_project4/parallel_counter_project4.srcs/constrs_1/new/topmod.xdc]
INFO: [Project 1-236] Implementation specific constraints were found while reading constraint file [C:/Users/Mihir Shekhar/parallel_counter_project4/parallel_counter_project4.srcs/constrs_1/new/topmod.xdc]. These constraints will be ignored for synthesis but will be used in implementation. Impacted constraints are listed in the file [.Xil/par_counter_propImpl.xdc].
Resolution: To avoid this warning, move constraints listed in [.Xil/par_counter_propImpl.xdc] to another XDC file and exclude this new file from synthesis with the used_in_synthesis property (File Properties dialog in GUI) and re-run elaboration/synthesis.
Completed Processing XDC Constraints

Netlist sorting complete. Time (s): cpu = 00:00:00 ; elapsed = 00:00:00.001 . Memory (MB): peak = 822.918 ; gain = 0.000
INFO: [Project 1-111] Unisim Transformation Summary:
No Unisim elements were transformed.

Constraint Validation Runtime : Time (s): cpu = 00:00:00 ; elapsed = 00:00:00.004 . Memory (MB): peak = 822.918 ; gain = 0.000
---------------------------------------------------------------------------------
Finished Constraint Validation : Time (s): cpu = 00:00:10 ; elapsed = 00:00:11 . Memory (MB): peak = 822.918 ; gain = 346.672
---------------------------------------------------------------------------------
---------------------------------------------------------------------------------
Start Loading Part and Timing Information
---------------------------------------------------------------------------------
Loading part: xc7s15ftgb196-1
---------------------------------------------------------------------------------
Finished Loading Part and Timing Information : Time (s): cpu = 00:00:10 ; elapsed = 00:00:11 . Memory (MB): peak = 822.918 ; gain = 346.672
---------------------------------------------------------------------------------
---------------------------------------------------------------------------------
Start Applying 'set_property' XDC Constraints
---------------------------------------------------------------------------------
---------------------------------------------------------------------------------
Finished applying 'set_property' XDC Constraints : Time (s): cpu = 00:00:10 ; elapsed = 00:00:11 . Memory (MB): peak = 822.918 ; gain = 346.672
---------------------------------------------------------------------------------
---------------------------------------------------------------------------------
Finished RTL Optimization Phase 2 : Time (s): cpu = 00:00:10 ; elapsed = 00:00:11 . Memory (MB): peak = 822.918 ; gain = 346.672
---------------------------------------------------------------------------------

Report RTL Partitions: 
+-+--------------+------------+----------+
| |RTL Partition |Replication |Instances |
+-+--------------+------------+----------+
+-+--------------+------------+----------+
---------------------------------------------------------------------------------
Start RTL Component Statistics 
---------------------------------------------------------------------------------
Detailed RTL Component Info : 
+---XORs : 
	   2 Input      1 Bit         XORs := 3     
	   3 Input      1 Bit         XORs := 5     
---------------------------------------------------------------------------------
Finished RTL Component Statistics 
---------------------------------------------------------------------------------
---------------------------------------------------------------------------------
Start RTL Hierarchical Component Statistics 
---------------------------------------------------------------------------------
Hierarchical RTL Component report 
Module half_adder 
Detailed RTL Component Info : 
+---XORs : 
	   2 Input      1 Bit         XORs := 1     
Module full_adder 
Detailed RTL Component Info : 
+---XORs : 
	   3 Input      1 Bit         XORs := 1     
---------------------------------------------------------------------------------
Finished RTL Hierarchical Component Statistics
---------------------------------------------------------------------------------
---------------------------------------------------------------------------------
Start Part Resource Summary
---------------------------------------------------------------------------------
Part Resources:
DSPs: 20 (col length:20)
BRAMs: 20 (col length: RAMB18 20 RAMB36 10)
---------------------------------------------------------------------------------
Finished Part Resource Summary
---------------------------------------------------------------------------------
---------------------------------------------------------------------------------
Start Cross Boundary and Area Optimization
---------------------------------------------------------------------------------
Warning: Parallel synthesis criteria is not met 
---------------------------------------------------------------------------------
Finished Cross Boundary and Area Optimization : Time (s): cpu = 00:00:11 ; elapsed = 00:00:12 . Memory (MB): peak = 822.918 ; gain = 346.672
---------------------------------------------------------------------------------

Report RTL Partitions: 
+-+--------------+------------+----------+
| |RTL Partition |Replication |Instances |
+-+--------------+------------+----------+
+-+--------------+------------+----------+
---------------------------------------------------------------------------------
Start Applying XDC Timing Constraints
---------------------------------------------------------------------------------
---------------------------------------------------------------------------------
Finished Applying XDC Timing Constraints : Time (s): cpu = 00:00:18 ; elapsed = 00:00:19 . Memory (MB): peak = 822.918 ; gain = 346.672
---------------------------------------------------------------------------------
---------------------------------------------------------------------------------
Start Timing Optimization
---------------------------------------------------------------------------------
---------------------------------------------------------------------------------
Finished Timing Optimization : Time (s): cpu = 00:00:18 ; elapsed = 00:00:19 . Memory (MB): peak = 822.918 ; gain = 346.672
---------------------------------------------------------------------------------

Report RTL Partitions: 
+-+--------------+------------+----------+
| |RTL Partition |Replication |Instances |
+-+--------------+------------+----------+
+-+--------------+------------+----------+
---------------------------------------------------------------------------------
Start Technology Mapping
---------------------------------------------------------------------------------
---------------------------------------------------------------------------------
Finished Technology Mapping : Time (s): cpu = 00:00:18 ; elapsed = 00:00:19 . Memory (MB): peak = 822.918 ; gain = 346.672
---------------------------------------------------------------------------------

Report RTL Partitions: 
+-+--------------+------------+----------+
| |RTL Partition |Replication |Instances |
+-+--------------+------------+----------+
+-+--------------+------------+----------+
---------------------------------------------------------------------------------
Start IO Insertion
---------------------------------------------------------------------------------
---------------------------------------------------------------------------------
Start Flattening Before IO Insertion
---------------------------------------------------------------------------------
---------------------------------------------------------------------------------
Finished Flattening Before IO Insertion
---------------------------------------------------------------------------------
---------------------------------------------------------------------------------
Start Final Netlist Cleanup
---------------------------------------------------------------------------------
---------------------------------------------------------------------------------
Finished Final Netlist Cleanup
---------------------------------------------------------------------------------
---------------------------------------------------------------------------------
Finished IO Insertion : Time (s): cpu = 00:00:20 ; elapsed = 00:00:21 . Memory (MB): peak = 827.730 ; gain = 351.484
---------------------------------------------------------------------------------

Report Check Netlist: 
+------+------------------+-------+---------+-------+------------------+
|      |Item              |Errors |Warnings |Status |Description       |
+------+------------------+-------+---------+-------+------------------+
|1     |multi_driven_nets |      0|        0|Passed |Multi driven nets |
+------+------------------+-------+---------+-------+------------------+
---------------------------------------------------------------------------------
Start Renaming Generated Instances
---------------------------------------------------------------------------------
---------------------------------------------------------------------------------
Finished Renaming Generated Instances : Time (s): cpu = 00:00:20 ; elapsed = 00:00:21 . Memory (MB): peak = 827.730 ; gain = 351.484
---------------------------------------------------------------------------------

Report RTL Partitions: 
+-+--------------+------------+----------+
| |RTL Partition |Replication |Instances |
+-+--------------+------------+----------+
+-+--------------+------------+----------+
---------------------------------------------------------------------------------
Start Rebuilding User Hierarchy
---------------------------------------------------------------------------------
---------------------------------------------------------------------------------
Finished Rebuilding User Hierarchy : Time (s): cpu = 00:00:20 ; elapsed = 00:00:21 . Memory (MB): peak = 827.730 ; gain = 351.484
---------------------------------------------------------------------------------
---------------------------------------------------------------------------------
Start Renaming Generated Ports
---------------------------------------------------------------------------------
---------------------------------------------------------------------------------
Finished Renaming Generated Ports : Time (s): cpu = 00:00:20 ; elapsed = 00:00:21 . Memory (MB): peak = 827.730 ; gain = 351.484
---------------------------------------------------------------------------------
---------------------------------------------------------------------------------
Start Handling Custom Attributes
---------------------------------------------------------------------------------
---------------------------------------------------------------------------------
Finished Handling Custom Attributes : Time (s): cpu = 00:00:20 ; elapsed = 00:00:21 . Memory (MB): peak = 827.730 ; gain = 351.484
---------------------------------------------------------------------------------
---------------------------------------------------------------------------------
Start Renaming Generated Nets
---------------------------------------------------------------------------------
---------------------------------------------------------------------------------
Finished Renaming Generated Nets : Time (s): cpu = 00:00:20 ; elapsed = 00:00:21 . Memory (MB): peak = 827.730 ; gain = 351.484
---------------------------------------------------------------------------------
---------------------------------------------------------------------------------
Start Writing Synthesis Report
---------------------------------------------------------------------------------

Report BlackBoxes: 
+-+--------------+----------+
| |BlackBox name |Instances |
+-+--------------+----------+
+-+--------------+----------+

Report Cell Usage: 
+------+-----+------+
|      |Cell |Count |
+------+-----+------+
|1     |LUT4 |     1|
|2     |LUT5 |     4|
|3     |LUT6 |     2|
|4     |IBUF |     8|
|5     |OBUF |     4|
+------+-----+------+

Report Instance Areas: 
+------+---------+-------+------+
|      |Instance |Module |Cells |
+------+---------+-------+------+
|1     |top      |       |    19|
+------+---------+-------+------+
---------------------------------------------------------------------------------
Finished Writing Synthesis Report : Time (s): cpu = 00:00:20 ; elapsed = 00:00:21 . Memory (MB): peak = 827.730 ; gain = 351.484
---------------------------------------------------------------------------------
Synthesis finished with 0 errors, 0 critical warnings and 0 warnings.
Synthesis Optimization Runtime : Time (s): cpu = 00:00:14 ; elapsed = 00:00:19 . Memory (MB): peak = 827.730 ; gain = 245.152
Synthesis Optimization Complete : Time (s): cpu = 00:00:20 ; elapsed = 00:00:21 . Memory (MB): peak = 827.730 ; gain = 351.484
INFO: [Project 1-571] Translating synthesized netlist
INFO: [Project 1-570] Preparing netlist for logic optimization
INFO: [Opt 31-138] Pushed 0 inverter(s) to 0 load pin(s).
Netlist sorting complete. Time (s): cpu = 00:00:00 ; elapsed = 00:00:00 . Memory (MB): peak = 842.559 ; gain = 0.000
INFO: [Project 1-111] Unisim Transformation Summary:
No Unisim elements were transformed.

INFO: [Common 17-83] Releasing license: Synthesis
20 Infos, 26 Warnings, 26 Critical Warnings and 0 Errors encountered.
synth_design completed successfully
synth_design: Time (s): cpu = 00:00:25 ; elapsed = 00:00:27 . Memory (MB): peak = 842.559 ; gain = 548.105
Netlist sorting complete. Time (s): cpu = 00:00:00 ; elapsed = 00:00:00 . Memory (MB): peak = 842.559 ; gain = 0.000
WARNING: [Constraints 18-5210] No constraints selected for write.
Resolution: This message can indicate that there are no constraints for the design, or it can indicate that the used_in flags are set such that the constraints are ignored. This later case is used when running synth_design to not write synthesis constraints to the resulting checkpoint. Instead, project constraints are read when the synthesized design is opened.
INFO: [Common 17-1381] The checkpoint 'C:/Users/Mihir Shekhar/parallel_counter_project4/parallel_counter_project4.runs/synth_1/par_counter.dcp' has been generated.
INFO: [runtcl-4] Executing : report_utilization -file par_counter_utilization_synth.rpt -pb par_counter_utilization_synth.pb
INFO: [Common 17-206] Exiting Vivado at Wed Jan 18 03:28:27 2023...
